<?xml version="1.0" encoding="UTF-8"?>
<!-- Generated by org.testng.reporters.JUnitXMLReporter -->
<testsuite hostname="TYSS-4F-PJT-034" name="Test" tests="3" failures="0" timestamp="15 Nov 2017 11:30:27 GMT" time="36.761" errors="0">
  <testcase name="@BeforeMethod beforeMethod" time="0.0" classname="scripts.CheckoutPageTest">
    <failure type="java.lang.NullPointerException">
      <![CDATA[java.lang.NullPointerException
	at scripts.BaseTest.beforeMethod(BaseTest.java:62)
... Removed 26 stack frames]]>
    </failure>
  </testcase> <!-- @BeforeMethod beforeMethod -->
  <testcase name="@AfterMethod endReport" time="0.0" classname="scripts.CheckoutPageTest">
    <skipped/>
  </testcase> <!-- @AfterMethod endReport -->
  <testcase name="@BeforeMethod beforeMethod" time="0.0" classname="scripts.OrderSummaryTest">
    <skipped/>
  </testcase> <!-- @BeforeMethod beforeMethod -->
  <testcase name="@AfterMethod endReport" time="0.0" classname="scripts.OrderSummaryTest">
    <skipped/>
  </testcase> <!-- @AfterMethod endReport -->
  <testcase name="@AfterTest afterTest" time="0.0" classname="scripts.CartPageTest">
    <skipped/>
  </testcase> <!-- @AfterTest afterTest -->
  <testcase name="cart" time="4.372" classname="scripts.CartPageTest"/>
  <testcase name="checkout" time="0.002" classname="scripts.CheckoutPageTest">
    <skipped/>
  </testcase> <!-- checkout -->
  <testcase name="oredrSummary" time="0.001" classname="scripts.OrderSummaryTest">
    <skipped/>
  </testcase> <!-- oredrSummary -->
</testsuite> <!-- Test -->
