<?xml version="1.0" encoding="UTF-8"?>
<!-- Generated by org.testng.reporters.JUnitXMLReporter -->
<testsuite hostname="TYSS-4F-PJT-034" name="Test" tests="3" failures="2" timestamp="7 Nov 2017 11:50:37 GMT" time="139.875" errors="0">
  <testcase name="cart" time="113.771" classname="scripts.CartPageTest"/>
  <testcase name="checkout" time="4.003" classname="scripts.CheckoutPageTest">
    <failure type="java.lang.NullPointerException">
      <![CDATA[java.lang.NullPointerException
	at org.openqa.selenium.support.pagefactory.DefaultElementLocator.findElement(DefaultElementLocator.java:69)
	at org.openqa.selenium.support.pagefactory.internal.LocatingElementHandler.invoke(LocatingElementHandler.java:38)
	at com.sun.proxy.$Proxy7.sendKeys(Unknown Source)
	at pomPages.CheckoutPage.EnterShippingDetails(CheckoutPage.java:55)
	at scripts.CheckoutPageTest.checkout(CheckoutPageTest.java:13)
... Removed 24 stack frames]]>
    </failure>
  </testcase> <!-- checkout -->
  <testcase name="oredrSummary" time="0.002" classname="scripts.OrderSummaryTest">
    <failure type="java.lang.NullPointerException">
      <![CDATA[java.lang.NullPointerException
	at org.openqa.selenium.support.pagefactory.DefaultElementLocator.findElement(DefaultElementLocator.java:69)
	at org.openqa.selenium.support.pagefactory.internal.LocatingElementHandler.invoke(LocatingElementHandler.java:38)
	at com.sun.proxy.$Proxy7.getText(Unknown Source)
	at pomPages.OrderSummaryPage.getOrderDetails(OrderSummaryPage.java:26)
	at scripts.OrderSummaryTest.oredrSummary(OrderSummaryTest.java:14)
... Removed 24 stack frames]]>
    </failure>
  </testcase> <!-- oredrSummary -->
</testsuite> <!-- Test -->
