<?xml version="1.0" encoding="UTF-8"?>
<testng-results skipped="2" failed="0" total="3" passed="1">
  <reporter-output>
  </reporter-output>
  <suite name="Suite" duration-ms="36761" started-at="2017-11-15T11:29:51Z" finished-at="2017-11-15T11:30:27Z">
    <groups>
    </groups>
    <test name="Test" duration-ms="36761" started-at="2017-11-15T11:29:51Z" finished-at="2017-11-15T11:30:27Z">
      <class name="scripts.CartPageTest">
        <test-method status="PASS" signature="configSuite()[pri:0, instance:scripts.CartPageTest@754ba872]" name="configSuite" is-config="true" duration-ms="369" started-at="2017-11-15T16:59:50Z" finished-at="2017-11-15T16:59:51Z">
          <reporter-output>
          </reporter-output>
        </test-method> <!-- configSuite -->
        <test-method status="PASS" signature="preCondition()[pri:0, instance:scripts.CartPageTest@754ba872]" name="preCondition" is-config="true" duration-ms="29889" started-at="2017-11-15T16:59:51Z" finished-at="2017-11-15T17:00:21Z">
          <reporter-output>
          </reporter-output>
        </test-method> <!-- preCondition -->
        <test-method status="PASS" signature="beforeMethod()[pri:0, instance:scripts.CartPageTest@754ba872]" name="beforeMethod" is-config="true" duration-ms="14" started-at="2017-11-15T17:00:21Z" finished-at="2017-11-15T17:00:21Z">
          <reporter-output>
          </reporter-output>
        </test-method> <!-- beforeMethod -->
        <test-method status="PASS" signature="cart()[pri:0, instance:scripts.CartPageTest@754ba872]" name="cart" duration-ms="4372" started-at="2017-11-15T17:00:21Z" finished-at="2017-11-15T17:00:25Z">
          <reporter-output>
          </reporter-output>
        </test-method> <!-- cart -->
        <test-method status="PASS" signature="endReport()[pri:0, instance:scripts.CartPageTest@754ba872]" name="endReport" is-config="true" duration-ms="2370" started-at="2017-11-15T17:00:25Z" finished-at="2017-11-15T17:00:27Z">
          <reporter-output>
          </reporter-output>
        </test-method> <!-- endReport -->
        <test-method status="SKIP" signature="afterTest()[pri:0, instance:scripts.CartPageTest@754ba872]" name="afterTest" is-config="true" duration-ms="0" started-at="2017-11-15T17:00:27Z" finished-at="2017-11-15T17:00:27Z">
          <reporter-output>
          </reporter-output>
        </test-method> <!-- afterTest -->
        <test-method status="SKIP" signature="postCondition()[pri:0, instance:scripts.CartPageTest@754ba872]" name="postCondition" is-config="true" duration-ms="0" started-at="2017-11-15T17:00:27Z" finished-at="2017-11-15T17:00:27Z">
          <reporter-output>
          </reporter-output>
        </test-method> <!-- postCondition -->
      </class> <!-- scripts.CartPageTest -->
      <class name="scripts.OrderSummaryTest">
        <test-method status="SKIP" signature="beforeMethod()[pri:0, instance:scripts.OrderSummaryTest@4dfa3a9d]" name="beforeMethod" is-config="true" duration-ms="0" started-at="2017-11-15T17:00:27Z" finished-at="2017-11-15T17:00:27Z">
          <reporter-output>
          </reporter-output>
        </test-method> <!-- beforeMethod -->
        <test-method status="SKIP" signature="oredrSummary()[pri:0, instance:scripts.OrderSummaryTest@4dfa3a9d]" name="oredrSummary" duration-ms="1" started-at="2017-11-15T17:00:27Z" finished-at="2017-11-15T17:00:27Z">
          <reporter-output>
          </reporter-output>
        </test-method> <!-- oredrSummary -->
        <test-method status="SKIP" signature="endReport()[pri:0, instance:scripts.OrderSummaryTest@4dfa3a9d]" name="endReport" is-config="true" duration-ms="0" started-at="2017-11-15T17:00:27Z" finished-at="2017-11-15T17:00:27Z">
          <reporter-output>
          </reporter-output>
        </test-method> <!-- endReport -->
      </class> <!-- scripts.OrderSummaryTest -->
      <class name="scripts.CheckoutPageTest">
        <test-method status="FAIL" signature="beforeMethod()[pri:0, instance:scripts.CheckoutPageTest@146ba0ac]" name="beforeMethod" is-config="true" duration-ms="0" started-at="2017-11-15T17:00:27Z" finished-at="2017-11-15T17:00:27Z">
          <exception class="java.lang.NullPointerException">
            <full-stacktrace>
              <![CDATA[java.lang.NullPointerException
	at scripts.BaseTest.beforeMethod(BaseTest.java:62)
	at sun.reflect.NativeMethodAccessorImpl.invoke0(Native Method)
	at sun.reflect.NativeMethodAccessorImpl.invoke(Unknown Source)
	at sun.reflect.DelegatingMethodAccessorImpl.invoke(Unknown Source)
	at java.lang.reflect.Method.invoke(Unknown Source)
	at org.testng.internal.MethodInvocationHelper.invokeMethod(MethodInvocationHelper.java:85)
	at org.testng.internal.Invoker.invokeConfigurationMethod(Invoker.java:510)
	at org.testng.internal.Invoker.invokeConfigurations(Invoker.java:211)
	at org.testng.internal.Invoker.invokeMethod(Invoker.java:585)
	at org.testng.internal.Invoker.invokeTestMethod(Invoker.java:816)
	at org.testng.internal.Invoker.invokeTestMethods(Invoker.java:1124)
	at org.testng.internal.TestMethodWorker.invokeTestMethods(TestMethodWorker.java:125)
	at org.testng.internal.TestMethodWorker.run(TestMethodWorker.java:108)
	at org.testng.TestRunner.privateRun(TestRunner.java:774)
	at org.testng.TestRunner.run(TestRunner.java:624)
	at org.testng.SuiteRunner.runTest(SuiteRunner.java:359)
	at org.testng.SuiteRunner.runSequentially(SuiteRunner.java:354)
	at org.testng.SuiteRunner.privateRun(SuiteRunner.java:312)
	at org.testng.SuiteRunner.run(SuiteRunner.java:261)
	at org.testng.SuiteRunnerWorker.runSuite(SuiteRunnerWorker.java:52)
	at org.testng.SuiteRunnerWorker.run(SuiteRunnerWorker.java:86)
	at org.testng.TestNG.runSuitesSequentially(TestNG.java:1215)
	at org.testng.TestNG.runSuitesLocally(TestNG.java:1140)
	at org.testng.TestNG.run(TestNG.java:1048)
	at org.testng.remote.AbstractRemoteTestNG.run(AbstractRemoteTestNG.java:132)
	at org.testng.remote.RemoteTestNG.initAndRun(RemoteTestNG.java:230)
	at org.testng.remote.RemoteTestNG.main(RemoteTestNG.java:76)
]]>
            </full-stacktrace>
          </exception> <!-- java.lang.NullPointerException -->
          <reporter-output>
          </reporter-output>
        </test-method> <!-- beforeMethod -->
        <test-method status="SKIP" signature="checkout()[pri:0, instance:scripts.CheckoutPageTest@146ba0ac]" name="checkout" duration-ms="2" started-at="2017-11-15T17:00:27Z" finished-at="2017-11-15T17:00:27Z">
          <reporter-output>
          </reporter-output>
        </test-method> <!-- checkout -->
        <test-method status="SKIP" signature="endReport()[pri:0, instance:scripts.CheckoutPageTest@146ba0ac]" name="endReport" is-config="true" duration-ms="0" started-at="2017-11-15T17:00:27Z" finished-at="2017-11-15T17:00:27Z">
          <reporter-output>
          </reporter-output>
        </test-method> <!-- endReport -->
      </class> <!-- scripts.CheckoutPageTest -->
    </test> <!-- Test -->
  </suite> <!-- Suite -->
</testng-results>
